<?xml version="1.0" encoding="UTF-8"?>
<robot generator="Robot 3.1 (Python 3.8.3 on win32)" generated="20200827 19:24:52.824" rpa="false">
<suite id="s1" name="Techstyle" source="C:\Users\lucia.costilla\eclipse-workspace\Techstyle">
<suite id="s1-s1" name="Homeworks" source="C:\Users\lucia.costilla\eclipse-workspace\Techstyle\Homeworks">
<suite id="s1-s1-s1" name="H3" source="C:\Users\lucia.costilla\eclipse-workspace\Techstyle\Homeworks\H3.robot">
<test id="s1-s1-s1-t1" name="Test case validation LOGIN- VIP">
<kw name="Open Browser" library="SeleniumLibrary">
<doc>Opens a new browser instance to the given ``url``.</doc>
<arguments>
<arg>${LOGIN URL}</arg>
<arg>browser=chrome</arg>
</arguments>
<msg timestamp="20200827 19:24:53.747" level="INFO">Opening browser 'chrome' to base url 'https://www.fabkids.com/'.</msg>
<status status="PASS" starttime="20200827 19:24:53.746" endtime="20200827 19:25:03.362"></status>
</kw>
<kw name="Maximize Browser Window" library="SeleniumLibrary">
<doc>Maximizes current browser window.</doc>
<status status="PASS" starttime="20200827 19:25:03.364" endtime="20200827 19:25:07.119"></status>
</kw>
<kw name="Click Element" library="SeleniumLibrary">
<doc>Click element identified by ``locator``.</doc>
<arguments>
<arg>${SignInLink}</arg>
</arguments>
<msg timestamp="20200827 19:25:07.125" level="INFO">Clicking element 'xpath://span[contains(text(),'Sign In')]'.</msg>
<status status="PASS" starttime="20200827 19:25:07.120" endtime="20200827 19:25:08.118"></status>
</kw>
<kw name="Wait Until Element Is Visible" library="SeleniumLibrary">
<doc>Waits until element ``locator`` is visible.</doc>
<arguments>
<arg>${email textbox}</arg>
</arguments>
<status status="PASS" starttime="20200827 19:25:08.119" endtime="20200827 19:25:08.477"></status>
</kw>
<kw name="Input Text" library="SeleniumLibrary">
<doc>Types the given ``text`` into text field identified by ``locator``.</doc>
<arguments>
<arg>${email textbox}</arg>
<arg>${username}</arg>
</arguments>
<msg timestamp="20200827 19:25:08.480" level="INFO">Typing text 'lcostilla@techstyle.com' into text field 'xpath://*[@id="user_email"]'.</msg>
<status status="PASS" starttime="20200827 19:25:08.478" endtime="20200827 19:25:10.004"></status>
</kw>
<kw name="Wait Until Element Is Visible" library="SeleniumLibrary">
<doc>Waits until element ``locator`` is visible.</doc>
<arguments>
<arg>${password textbox}</arg>
</arguments>
<status status="PASS" starttime="20200827 19:25:10.008" endtime="20200827 19:25:10.130"></status>
</kw>
<kw name="Input Text" library="SeleniumLibrary">
<doc>Types the given ``text`` into text field identified by ``locator``.</doc>
<arguments>
<arg>${password textbox}</arg>
<arg>${password}</arg>
</arguments>
<msg timestamp="20200827 19:25:10.132" level="INFO">Typing text 'testing' into text field 'xpath://*[@id="user_password"]'.</msg>
<status status="PASS" starttime="20200827 19:25:10.131" endtime="20200827 19:25:10.878"></status>
</kw>
<kw name="Click Button" library="SeleniumLibrary">
<doc>Clicks button identified by ``locator``.</doc>
<arguments>
<arg>${login button}</arg>
</arguments>
<msg timestamp="20200827 19:25:10.880" level="INFO">Clicking button 'xpath://*[@id="new_user"]/input[8]'.</msg>
<status status="PASS" starttime="20200827 19:25:10.879" endtime="20200827 19:25:14.210"></status>
</kw>
<kw name="Log" library="BuiltIn">
<doc>Logs the given message with the given level.</doc>
<arguments>
<arg>Success!</arg>
</arguments>
<msg timestamp="20200827 19:25:14.214" level="INFO">Success!</msg>
<status status="PASS" starttime="20200827 19:25:14.212" endtime="20200827 19:25:14.214"></status>
</kw>
<status status="PASS" starttime="20200827 19:24:53.744" endtime="20200827 19:25:14.215" critical="yes"></status>
</test>
<status status="PASS" starttime="20200827 19:24:52.996" endtime="20200827 19:25:14.218"></status>
</suite>
<status status="PASS" starttime="20200827 19:24:52.987" endtime="20200827 19:25:14.228"></status>
</suite>
<status status="PASS" starttime="20200827 19:24:52.930" endtime="20200827 19:25:14.232"></status>
</suite>
<statistics>
<total>
<stat pass="1" fail="0">Critical Tests</stat>
<stat pass="1" fail="0">All Tests</stat>
</total>
<tag>
</tag>
<suite>
<stat pass="1" fail="0" id="s1" name="Techstyle">Techstyle</stat>
<stat pass="1" fail="0" id="s1-s1" name="Homeworks">Techstyle.Homeworks</stat>
<stat pass="1" fail="0" id="s1-s1-s1" name="H3">Techstyle.Homeworks.H3</stat>
</suite>
</statistics>
<errors>
</errors>
</robot>
