<?xml version="1.0" encoding="UTF-8"?>
<robot generator="Robot 3.1 (Python 3.8.0 on win32)" generated="20201009 11:48:16.156" rpa="false">
<suite id="s1" name="Techstyle2" source="C:\Users\guillermo.guajardo\git\repository\techstyle2">
<suite id="s1-s1" name="Visual Aid" source="C:\Users\guillermo.guajardo\git\repository\techstyle2\Visual Aid.robot">
<kw name="Log" library="BuiltIn" type="setup">
<doc>Logs the given message with the given level.</doc>
<arguments>
<arg>This is a suite setup</arg>
</arguments>
<msg timestamp="20201009 11:48:16.915" level="INFO">This is a suite setup</msg>
<status status="PASS" starttime="20201009 11:48:16.915" endtime="20201009 11:48:16.916"></status>
</kw>
<test id="s1-s1-t1" name="Existing VIP Log In">
<kw name="Log" library="BuiltIn" type="setup">
<doc>Logs the given message with the given level.</doc>
<arguments>
<arg>This is a test setup</arg>
</arguments>
<msg timestamp="20201009 11:48:16.917" level="INFO">This is a test setup</msg>
<status status="PASS" starttime="20201009 11:48:16.917" endtime="20201009 11:48:16.917"></status>
</kw>
<kw name="Open Browser" library="SeleniumLibrary">
<doc>Opens a new browser instance to the given ``url``.</doc>
<arguments>
<arg>url=https://justfab.com/?hideCaptchaAutomation=1</arg>
<arg>browser=chrome</arg>
</arguments>
<msg timestamp="20201009 11:48:16.918" level="INFO">Opening browser 'chrome' to base url 'https://justfab.com/?hideCaptchaAutomation=1'.</msg>
<status status="PASS" starttime="20201009 11:48:16.918" endtime="20201009 11:48:22.496"></status>
</kw>
<kw name="Wait Until Element Is Visible" library="SeleniumLibrary">
<doc>Waits until element ``locator`` is visible.</doc>
<arguments>
<arg>class=section1-hero</arg>
</arguments>
<status status="PASS" starttime="20201009 11:48:22.497" endtime="20201009 11:48:23.239"></status>
</kw>
<kw name="Log" library="BuiltIn">
<doc>Logs the given message with the given level.</doc>
<arguments>
<arg>Success: Home page is displayed</arg>
</arguments>
<msg timestamp="20201009 11:48:23.241" level="INFO">Success: Home page is displayed</msg>
<status status="PASS" starttime="20201009 11:48:23.240" endtime="20201009 11:48:23.241"></status>
</kw>
<kw name="Click Element" library="SeleniumLibrary">
<doc>Click element identified by ``locator``.</doc>
<arguments>
<arg>${Sign In}</arg>
</arguments>
<msg timestamp="20201009 11:48:23.243" level="INFO">Clicking element 'xpath://*[@data-autotag="login_modal_singin"]'.</msg>
<status status="PASS" starttime="20201009 11:48:23.242" endtime="20201009 11:48:25.209"></status>
</kw>
<kw name="Wait Until Element Is Visible" library="SeleniumLibrary">
<doc>Waits until element ``locator`` is visible.</doc>
<arguments>
<arg>id=login_form_lb</arg>
</arguments>
<status status="PASS" starttime="20201009 11:48:25.209" endtime="20201009 11:48:25.539"></status>
</kw>
<kw name="Input Text" library="SeleniumLibrary">
<doc>Types the given ``text`` into text field identified by ``locator``.</doc>
<arguments>
<arg>${Email Field}</arg>
<arg>JFUS1@test.com</arg>
</arguments>
<msg timestamp="20201009 11:48:25.540" level="INFO">Typing text 'JFUS1@test.com' into text field 'xpath://*[@data-autotag="loginmodal-email-fld"]'.</msg>
<status status="PASS" starttime="20201009 11:48:25.540" endtime="20201009 11:48:25.871"></status>
</kw>
<kw name="Input Password" library="SeleniumLibrary">
<doc>Types the given password into text field identified by ``locator``.</doc>
<arguments>
<arg>${Password Field}</arg>
<arg>test123</arg>
</arguments>
<msg timestamp="20201009 11:48:25.872" level="INFO">Typing password into text field 'xpath://*[@data-autotag="loginmodal-password-fld"]'.</msg>
<status status="PASS" starttime="20201009 11:48:25.872" endtime="20201009 11:48:25.977"></status>
</kw>
<kw name="Click Element" library="SeleniumLibrary">
<doc>Click element identified by ``locator``.</doc>
<arguments>
<arg>${Log In}</arg>
</arguments>
<msg timestamp="20201009 11:48:25.978" level="INFO">Clicking element 'xpath://*[@data-autotag="loginmodal-btn"]'.</msg>
<status status="PASS" starttime="20201009 11:48:25.977" endtime="20201009 11:48:26.094"></status>
</kw>
<kw name="Wait Until Element Is Visible" library="SeleniumLibrary">
<doc>Waits until element ``locator`` is visible.</doc>
<arguments>
<arg>id=greeting</arg>
</arguments>
<status status="PASS" starttime="20201009 11:48:26.094" endtime="20201009 11:48:29.057"></status>
</kw>
<kw name="Log" library="BuiltIn">
<doc>Logs the given message with the given level.</doc>
<arguments>
<arg>Success: VIP User is Logged In</arg>
</arguments>
<msg timestamp="20201009 11:48:29.059" level="INFO">Success: VIP User is Logged In</msg>
<status status="PASS" starttime="20201009 11:48:29.058" endtime="20201009 11:48:29.059"></status>
</kw>
<kw name="Execute Test Teardown" type="teardown">
<kw name="Mouse Over" library="SeleniumLibrary">
<doc>Simulates hovering mouse over the element ``locator``.</doc>
<arguments>
<arg>${My Account}</arg>
</arguments>
<msg timestamp="20201009 11:48:29.062" level="INFO">Simulating Mouse Over on element 'xpath://*[@data-ga-label="myaccount"]'.</msg>
<status status="PASS" starttime="20201009 11:48:29.061" endtime="20201009 11:48:29.772"></status>
</kw>
<kw name="Click Link" library="SeleniumLibrary">
<doc>Clicks a link identified by ``locator``.</doc>
<arguments>
<arg>https://www.justfab.com/index.cfm?action=member.logout</arg>
</arguments>
<msg timestamp="20201009 11:48:29.773" level="INFO">Clicking link 'https://www.justfab.com/index.cfm?action=member.logout'.</msg>
<status status="PASS" starttime="20201009 11:48:29.772" endtime="20201009 11:48:31.272"></status>
</kw>
<kw name="Log" library="BuiltIn">
<doc>Logs the given message with the given level.</doc>
<arguments>
<arg>User successfully Logged Out</arg>
</arguments>
<msg timestamp="20201009 11:48:31.274" level="INFO">User successfully Logged Out</msg>
<status status="PASS" starttime="20201009 11:48:31.272" endtime="20201009 11:48:31.274"></status>
</kw>
<status status="PASS" starttime="20201009 11:48:29.060" endtime="20201009 11:48:31.274"></status>
</kw>
<status status="PASS" starttime="20201009 11:48:16.916" endtime="20201009 11:48:31.275" critical="yes"></status>
</test>
<kw name="Log" library="BuiltIn" type="teardown">
<doc>Logs the given message with the given level.</doc>
<arguments>
<arg>This is a suite teardown</arg>
</arguments>
<msg timestamp="20201009 11:48:31.277" level="INFO">This is a suite teardown</msg>
<status status="PASS" starttime="20201009 11:48:31.276" endtime="20201009 11:48:31.277"></status>
</kw>
<status status="PASS" starttime="20201009 11:48:16.668" endtime="20201009 11:48:31.277"></status>
</suite>
<status status="PASS" starttime="20201009 11:48:16.640" endtime="20201009 11:48:31.282"></status>
</suite>
<statistics>
<total>
<stat pass="1" fail="0">Critical Tests</stat>
<stat pass="1" fail="0">All Tests</stat>
</total>
<tag>
</tag>
<suite>
<stat pass="1" fail="0" id="s1" name="Techstyle2">Techstyle2</stat>
<stat pass="1" fail="0" id="s1-s1" name="Visual Aid">Techstyle2.Visual Aid</stat>
</suite>
</statistics>
<errors>
</errors>
</robot>
