<?xml version="1.0" encoding="UTF-8"?>
<robot generator="Robot 3.1 (Python 3.8.1 on win32)" generated="20200929 16:05:13.214" rpa="false">
<suite id="s1" name="Hackathon SXF" source="C:\Users\jose.cardenas\eclipse-workspace\Hackathon_SXF">
<suite id="s1-s1" name="SavageX" source="C:\Users\jose.cardenas\eclipse-workspace\Hackathon_SXF\SavageX">
<suite id="s1-s1-s1" name="SXF Load Main US" source="C:\Users\jose.cardenas\eclipse-workspace\Hackathon_SXF\SavageX\SXF_Load_Main_US.robot">
<test id="s1-s1-s1-t1" name="Validate load US home page">
<kw name="Change_MX_to_US" library="SXF_Keywords">
<kw name="Open Browser" library="SeleniumLibrary">
<doc>Opens a new browser instance to the given ``url``.</doc>
<arguments>
<arg>url=https://www.shoedazzle.com/</arg>
<arg>browser=chrome</arg>
</arguments>
<msg timestamp="20200929 16:05:13.655" level="INFO">Opening browser 'chrome' to base url 'https://www.shoedazzle.com/'.</msg>
<status status="PASS" starttime="20200929 16:05:13.654" endtime="20200929 16:05:23.798"></status>
</kw>
<kw name="Maximize Browser Window" library="SeleniumLibrary">
<doc>Maximizes current browser window.</doc>
<status status="PASS" starttime="20200929 16:05:23.798" endtime="20200929 16:05:26.575"></status>
</kw>
<status status="PASS" starttime="20200929 16:05:13.654" endtime="20200929 16:05:26.575"></status>
</kw>
<status status="PASS" starttime="20200929 16:05:13.653" endtime="20200929 16:05:26.576" critical="yes"></status>
</test>
<status status="PASS" starttime="20200929 16:05:13.409" endtime="20200929 16:05:26.580"></status>
</suite>
<status status="PASS" starttime="20200929 16:05:13.406" endtime="20200929 16:05:26.584"></status>
</suite>
<status status="PASS" starttime="20200929 16:05:13.382" endtime="20200929 16:05:26.588"></status>
</suite>
<statistics>
<total>
<stat pass="1" fail="0">Critical Tests</stat>
<stat pass="1" fail="0">All Tests</stat>
</total>
<tag>
</tag>
<suite>
<stat pass="1" fail="0" id="s1" name="Hackathon SXF">Hackathon SXF</stat>
<stat pass="1" fail="0" id="s1-s1" name="SavageX">Hackathon SXF.SavageX</stat>
<stat pass="1" fail="0" id="s1-s1-s1" name="SXF Load Main US">Hackathon SXF.SavageX.SXF Load Main US</stat>
</suite>
</statistics>
<errors>
</errors>
</robot>
