<?xml version="1.0" encoding="UTF-8"?>
<robot generator="Robot 3.1 (Python 3.8.1 on win32)" generated="20201002 17:24:41.609" rpa="false">
<suite id="s1" name="Hackathon SXF" source="C:\Users\jose.cardenas\git\kt-rf\Hackathon_SXF">
<suite id="s1-s1" name="SavageX" source="C:\Users\jose.cardenas\git\kt-rf\Hackathon_SXF\SavageX">
<suite id="s1-s1-s1" name="SXF Review Stars US" source="C:\Users\jose.cardenas\git\kt-rf\Hackathon_SXF\SavageX\SXF_Review_Stars_US.robot">
<test id="s1-s1-s1-t1" name="Validate load US home page">
<kw name="Change_MX_to_US" library="SXF_Keywords.LoadUS_Login_Logout">
<kw name="Open Browser" library="SeleniumLibrary">
<doc>Opens a new browser instance to the given ``url``.</doc>
<arguments>
<arg>url=https://www.savagex.com/</arg>
<arg>browser=chrome</arg>
</arguments>
<msg timestamp="20201002 17:24:42.054" level="INFO">Opening browser 'chrome' to base url 'https://www.savagex.com/'.</msg>
<status status="PASS" starttime="20201002 17:24:42.053" endtime="20201002 17:24:52.440"></status>
</kw>
<kw name="Maximize Browser Window" library="SeleniumLibrary">
<doc>Maximizes current browser window.</doc>
<status status="PASS" starttime="20201002 17:24:52.442" endtime="20201002 17:24:56.449"></status>
</kw>
<kw name="Execute Javascript" library="SeleniumLibrary">
<doc>Executes the given JavaScript code.</doc>
<arguments>
<arg>window.scrollTo(0, document.body.scrollHeight)</arg>
</arguments>
<msg timestamp="20201002 17:24:56.450" level="INFO">Executing JavaScript:
window.scrollTo(0, document.body.scrollHeight)</msg>
<status status="PASS" starttime="20201002 17:24:56.450" endtime="20201002 17:24:56.457"></status>
</kw>
<kw name="Wait Until Element Is Visible" library="SeleniumLibrary">
<doc>Waits until element ``locator`` is visible.</doc>
<arguments>
<arg>${country_selector}</arg>
</arguments>
<status status="PASS" starttime="20201002 17:24:56.457" endtime="20201002 17:24:56.597"></status>
</kw>
<kw name="Click Element" library="SeleniumLibrary">
<doc>Click element identified by ``locator``.</doc>
<arguments>
<arg>${country_selector}</arg>
</arguments>
<msg timestamp="20201002 17:24:56.599" level="INFO">Clicking element 'xpath://*[@id="bfx-cc-wrapper"]/div[1]/div'.</msg>
<status status="PASS" starttime="20201002 17:24:56.598" endtime="20201002 17:24:56.845"></status>
</kw>
<kw name="Wait Until Element Is Visible" library="SeleniumLibrary">
<doc>Waits until element ``locator`` is visible.</doc>
<arguments>
<arg>${domain_popup}</arg>
</arguments>
<status status="PASS" starttime="20201002 17:24:56.845" endtime="20201002 17:24:56.891"></status>
</kw>
<kw name="Click Element" library="SeleniumLibrary">
<doc>Click element identified by ``locator``.</doc>
<arguments>
<arg>xpath://select[@id='bfx-cc-countries-select']</arg>
</arguments>
<msg timestamp="20201002 17:24:56.892" level="INFO">Clicking element 'xpath://select[@id='bfx-cc-countries-select']'.</msg>
<status status="PASS" starttime="20201002 17:24:56.892" endtime="20201002 17:24:57.015"></status>
</kw>
<kw name="Click Element" library="SeleniumLibrary">
<doc>Click element identified by ``locator``.</doc>
<arguments>
<arg>xpath://option[contains(text(),'United States')]</arg>
</arguments>
<msg timestamp="20201002 17:24:57.016" level="INFO">Clicking element 'xpath://option[contains(text(),'United States')]'.</msg>
<status status="PASS" starttime="20201002 17:24:57.016" endtime="20201002 17:24:57.128"></status>
</kw>
<kw name="Click Element" library="SeleniumLibrary">
<doc>Click element identified by ``locator``.</doc>
<arguments>
<arg>${container}</arg>
</arguments>
<msg timestamp="20201002 17:24:57.130" level="INFO">Clicking element 'xpath://form[@id='bfx-cc-form']'.</msg>
<status status="PASS" starttime="20201002 17:24:57.129" endtime="20201002 17:24:57.202"></status>
</kw>
<kw name="Wait Until Element Is Visible" library="SeleniumLibrary">
<doc>Waits until element ``locator`` is visible.</doc>
<arguments>
<arg>${ok_button}</arg>
</arguments>
<status status="PASS" starttime="20201002 17:24:57.203" endtime="20201002 17:24:57.235"></status>
</kw>
<kw name="Click Element" library="SeleniumLibrary">
<doc>Click element identified by ``locator``.</doc>
<arguments>
<arg>${ok_button}</arg>
</arguments>
<msg timestamp="20201002 17:24:57.237" level="INFO">Clicking element 'xpath://input[@id='bfx-cc-btn']'.</msg>
<status status="PASS" starttime="20201002 17:24:57.236" endtime="20201002 17:25:00.627"></status>
</kw>
<status status="PASS" starttime="20201002 17:24:42.052" endtime="20201002 17:25:00.628"></status>
</kw>
<kw name="New_User" library="SXF_Keywords.LoadUS_Login_Logout">
<kw name="Click Element" library="SeleniumLibrary">
<doc>Click element identified by ``locator``.</doc>
<arguments>
<arg>${signin_button}</arg>
</arguments>
<msg timestamp="20201002 17:25:00.632" level="INFO">Clicking element 'xpath://span[contains(text(),'Sign In')]'.</msg>
<status status="PASS" starttime="20201002 17:25:00.630" endtime="20201002 17:25:01.842"></status>
</kw>
<kw name="Click Element" library="SeleniumLibrary">
<doc>Click element identified by ``locator``.</doc>
<arguments>
<arg>${create_account_btn}</arg>
</arguments>
<msg timestamp="20201002 17:25:01.843" level="INFO">Clicking element 'xpath://body/div[6]/div[1]/div[1]/div[1]/div[1]/form[1]/div[2]/button[1]'.</msg>
<status status="PASS" starttime="20201002 17:25:01.843" endtime="20201002 17:25:02.004"></status>
</kw>
<kw name="Generate Random String" library="String">
<doc>Generates a string with a desired ``length`` from the given ``chars``.</doc>
<arguments>
<arg>12</arg>
<arg>[LOWER]</arg>
</arguments>
<assign>
<var>${random_email}</var>
</assign>
<msg timestamp="20201002 17:25:02.005" level="INFO">${random_email} = tziknniyqgxs</msg>
<status status="PASS" starttime="20201002 17:25:02.005" endtime="20201002 17:25:02.006"></status>
</kw>
<kw name="Input Text" library="SeleniumLibrary">
<doc>Types the given ``text`` into text field identified by ``locator``.</doc>
<arguments>
<arg>${email_txtbox}</arg>
<arg>${random_email}${email resto}</arg>
</arguments>
<msg timestamp="20201002 17:25:02.007" level="INFO">Typing text 'tziknniyqgxs@test.com' into text field 'xpath://body/div[6]/div[1]/div[1]/div[1]/div[1]/form[1]/div[1]/div[2]/div[1]/label[1]/input[1]'.</msg>
<status status="PASS" starttime="20201002 17:25:02.006" endtime="20201002 17:25:02.406"></status>
</kw>
<kw name="Input Text" library="SeleniumLibrary">
<doc>Types the given ``text`` into text field identified by ``locator``.</doc>
<arguments>
<arg>${password_txtbox}</arg>
<arg>${password_value}</arg>
</arguments>
<msg timestamp="20201002 17:25:02.407" level="INFO">Typing text 'test123' into text field 'xpath://body/div[6]/div[1]/div[1]/div[1]/div[1]/form[1]/div[1]/div[3]/div[1]/label[1]/input[1]'.</msg>
<status status="PASS" starttime="20201002 17:25:02.406" endtime="20201002 17:25:02.627"></status>
</kw>
<kw name="Click Element" library="SeleniumLibrary">
<doc>Click element identified by ``locator``.</doc>
<arguments>
<arg>xpath://body/div[6]/div[1]/div[1]/div[1]/div[1]/form[1]/div[1]/div[4]/div[1]/label[1]/select[1]</arg>
</arguments>
<msg timestamp="20201002 17:25:02.628" level="INFO">Clicking element 'xpath://body/div[6]/div[1]/div[1]/div[1]/div[1]/form[1]/div[1]/div[4]/div[1]/label[1]/select[1]'.</msg>
<status status="PASS" starttime="20201002 17:25:02.627" endtime="20201002 17:25:02.755"></status>
</kw>
<kw name="Click Element" library="SeleniumLibrary">
<doc>Click element identified by ``locator``.</doc>
<arguments>
<arg>xpath://option[contains(text(),'TikTok')]</arg>
</arguments>
<msg timestamp="20201002 17:25:02.756" level="INFO">Clicking element 'xpath://option[contains(text(),'TikTok')]'.</msg>
<status status="PASS" starttime="20201002 17:25:02.755" endtime="20201002 17:25:02.848"></status>
</kw>
<kw name="Click Element" library="SeleniumLibrary">
<doc>Click element identified by ``locator``.</doc>
<arguments>
<arg>${create_account_container}</arg>
</arguments>
<msg timestamp="20201002 17:25:02.849" level="INFO">Clicking element 'xpath://body/div[6]/div[1]/div[1]/div[1]/div[1]/form[1]/div[1]'.</msg>
<status status="PASS" starttime="20201002 17:25:02.849" endtime="20201002 17:25:02.942"></status>
</kw>
<kw name="Click Element" library="SeleniumLibrary">
<doc>Click element identified by ``locator``.</doc>
<arguments>
<arg>${create_button}</arg>
</arguments>
<msg timestamp="20201002 17:25:02.943" level="INFO">Clicking element 'xpath://body/div[6]/div[1]/div[1]/div[1]/div[1]/form[1]/div[1]/button[1]'.</msg>
<status status="PASS" starttime="20201002 17:25:02.943" endtime="20201002 17:25:03.025"></status>
</kw>
<status status="PASS" starttime="20201002 17:25:00.629" endtime="20201002 17:25:03.026"></status>
</kw>
<status status="PASS" starttime="20201002 17:24:42.051" endtime="20201002 17:25:03.026" critical="yes"></status>
</test>
<status status="PASS" starttime="20201002 17:24:41.688" endtime="20201002 17:25:03.027"></status>
</suite>
<status status="PASS" starttime="20201002 17:24:41.685" endtime="20201002 17:25:03.030"></status>
</suite>
<status status="PASS" starttime="20201002 17:24:41.652" endtime="20201002 17:25:03.033"></status>
</suite>
<statistics>
<total>
<stat pass="1" fail="0">Critical Tests</stat>
<stat pass="1" fail="0">All Tests</stat>
</total>
<tag>
</tag>
<suite>
<stat pass="1" fail="0" id="s1" name="Hackathon SXF">Hackathon SXF</stat>
<stat pass="1" fail="0" id="s1-s1" name="SavageX">Hackathon SXF.SavageX</stat>
<stat pass="1" fail="0" id="s1-s1-s1" name="SXF Review Stars US">Hackathon SXF.SavageX.SXF Review Stars US</stat>
</suite>
</statistics>
<errors>
</errors>
</robot>
